\BOOKMARK [0][-]{chapter.1}{\376\377\000A\000n\000a\000l\000i\000s\000i\000\040\000d\000e\000i\000\040\000r\000e\000q\000u\000i\000s\000i\000t\000i}{}% 1
\BOOKMARK [1][-]{section.1.1}{\376\377\000A\000n\000a\000l\000i\000s\000i\000\040\000o\000r\000i\000e\000n\000t\000a\000t\000a\000\040\000a\000g\000l\000i\000\040\000o\000g\000g\000e\000t\000t\000i}{chapter.1}% 2
\BOOKMARK [1][-]{section.1.2}{\376\377\000A\000n\000a\000l\000i\000s\000i\000\040\000f\000u\000n\000z\000i\000o\000n\000a\000l\000e}{chapter.1}% 3
\BOOKMARK [1][-]{section.1.3}{\376\377\000A\000n\000a\000l\000i\000s\000i\000\040\000o\000r\000i\000e\000n\000t\000a\000t\000a\000\040\000a\000g\000l\000i\000\040\000s\000t\000a\000t\000i}{chapter.1}% 4
\BOOKMARK [1][-]{section.1.4}{\376\377\000A\000s\000t\000r\000a\000z\000i\000o\000n\000e}{chapter.1}% 5
\BOOKMARK [1][-]{section.1.5}{\376\377\000L\000i\000n\000g\000u\000a\000g\000g\000i\000\040\000u\000t\000i\000l\000i\000z\000z\000a\000t\000i\000\040\000p\000e\000r\000\040\000l\000a\000\040\000s\000p\000e\000c\000i\000f\000i\000c\000a\000\040\000d\000e\000i\000\040\000r\000e\000q\000u\000i\000s\000i\000t\000i}{chapter.1}% 6
\BOOKMARK [0][-]{chapter.2}{\376\377\000P\000r\000o\000g\000e\000t\000t\000a\000z\000i\000o\000n\000e}{}% 7
\BOOKMARK [1][-]{section.2.1}{\376\377\000M\000o\000d\000a\000l\000i\000t\000\340}{chapter.2}% 8
\BOOKMARK [1][-]{section.2.2}{\376\377\000A\000p\000p\000r\000o\000c\000c\000i\000o}{chapter.2}% 9
\BOOKMARK [1][-]{section.2.3}{\376\377\000I\000l\000\040\000b\000u\000o\000n\000\040\000p\000r\000o\000g\000e\000t\000t\000i\000s\000t\000a}{chapter.2}% 10
\BOOKMARK [0][-]{chapter.3}{\376\377\000P\000a\000r\000a\000d\000i\000g\000m\000a\000\040\000a\000d\000\040\000o\000g\000g\000e\000t\000t\000i}{}% 11
\BOOKMARK [1][-]{section.3.1}{\376\377\000O\000g\000g\000e\000t\000t\000o}{chapter.3}% 12
\BOOKMARK [1][-]{section.3.2}{\376\377\000O\000p\000e\000r\000a\000z\000i\000o\000n\000e}{chapter.3}% 13
\BOOKMARK [1][-]{section.3.3}{\376\377\000C\000l\000a\000s\000s\000e}{chapter.3}% 14
\BOOKMARK [1][-]{section.3.4}{\376\377\000I\000n\000c\000a\000p\000s\000u\000l\000a\000m\000e\000n\000t\000o}{chapter.3}% 15
\BOOKMARK [1][-]{section.3.5}{\376\377\000M\000e\000t\000o\000d\000i}{chapter.3}% 16
\BOOKMARK [1][-]{section.3.6}{\376\377\000E\000r\000e\000d\000i\000t\000a\000r\000i\000e\000t\000\340}{chapter.3}% 17
\BOOKMARK [1][-]{section.3.7}{\376\377\000P\000o\000l\000i\000m\000o\000r\000f\000i\000s\000m\000o}{chapter.3}% 18
\BOOKMARK [1][-]{section.3.8}{\376\377\000L\000a\000t\000e\000\040\000b\000i\000n\000d\000i\000n\000g}{chapter.3}% 19
\BOOKMARK [1][-]{section.3.9}{\376\377\000D\000e\000l\000e\000g\000a\000z\000i\000o\000n\000e}{chapter.3}% 20
\BOOKMARK [0][-]{chapter.4}{\376\377\000I\000n\000g\000e\000g\000n\000e\000r\000i\000a\000\040\000d\000e\000l\000\040\000s\000o\000f\000t\000w\000a\000r\000e}{}% 21
\BOOKMARK [1][-]{section.4.1}{\376\377\000Q\000u\000a\000l\000i\000t\000\340\000\040\000d\000e\000l\000\040\000s\000o\000f\000t\000w\000a\000r\000e}{chapter.4}% 22
\BOOKMARK [2][-]{subsection.4.1.1}{\376\377\000Q\000u\000a\000l\000i\000t\000\340\000\040\000e\000s\000t\000e\000r\000n\000e\000,\000\040\000d\000i\000\040\000p\000r\000o\000d\000o\000t\000t\000o\000\040\000e\000\040\000d\000i\000\040\000p\000r\000o\000c\000e\000s\000s\000o}{section.4.1}% 23
\BOOKMARK [2][-]{subsection.4.1.2}{\376\377\000Q\000u\000a\000l\000i\000t\000\340\000\040\000e\000s\000t\000e\000r\000n\000e\000\040\000e\000\040\000d\000i\000\040\000p\000r\000o\000d\000o\000t\000t\000o}{section.4.1}% 24
\BOOKMARK [2][-]{subsection.4.1.3}{\376\377\000Q\000u\000a\000l\000i\000t\000\340\000\040\000i\000n\000t\000e\000r\000n\000e\000,\000\040\000d\000i\000\040\000p\000r\000o\000d\000o\000t\000t\000o\000\040\000e\000\040\000d\000i\000\040\000p\000r\000o\000c\000e\000s\000s\000o}{section.4.1}% 25
\BOOKMARK [2][-]{subsection.4.1.4}{\376\377\000Q\000u\000a\000l\000i\000t\000\340\000\040\000i\000n\000t\000e\000r\000n\000e\000\040\000e\000\040\000d\000i\000\040\000p\000r\000o\000d\000o\000t\000t\000o}{section.4.1}% 26
\BOOKMARK [2][-]{subsection.4.1.5}{\376\377\000Q\000u\000a\000l\000i\000t\000\340\000\040\000e\000s\000t\000e\000r\000n\000e\000\040\000e\000\040\000d\000i\000\040\000p\000r\000o\000c\000e\000s\000s\000o}{section.4.1}% 27
\BOOKMARK [1][-]{section.4.2}{\376\377\000S\000o\000f\000t\000w\000a\000r\000e\000\040\000d\000e\000s\000i\000g\000n}{chapter.4}% 28
\BOOKMARK [2][-]{subsection.4.2.1}{\376\377\000P\000r\000i\000n\000c\000i\000p\000i\000\040\000d\000i\000\040\000p\000r\000o\000g\000e\000t\000t\000a\000z\000i\000o\000n\000e\000\040\000\050\000g\000o\000o\000d\000\040\000p\000r\000a\000c\000t\000i\000c\000e\000s\000\051}{section.4.2}% 29
\BOOKMARK [1][-]{section.4.3}{\376\377\000M\000i\000s\000u\000r\000a\000z\000i\000o\000n\000e}{chapter.4}% 30
\BOOKMARK [2][-]{subsection.4.3.1}{\376\377\000F\000a\000s\000i\000\040\000i\000n\000\040\000c\000u\000i\000\040\000\350\000\040\000o\000p\000p\000o\000r\000t\000u\000n\000o\000\040\000e\000s\000e\000g\000u\000i\000r\000e\000\040\000l\000a\000\040\000s\000t\000i\000m\000a}{section.4.3}% 31
\BOOKMARK [2][-]{subsection.4.3.2}{\376\377\000C\000o\000s\000t\000i}{section.4.3}% 32
\BOOKMARK [2][-]{subsection.4.3.3}{\376\377\000D\000i\000m\000e\000n\000s\000i\000o\000n\000i\000\040\000d\000e\000l\000\040\000s\000o\000f\000t\000w\000a\000r\000e}{section.4.3}% 33
\BOOKMARK [2][-]{subsection.4.3.4}{\376\377\000I\000l\000\040\000m\000e\000t\000o\000d\000o\000\040\000f\000u\000n\000c\000t\000i\000o\000n\000\040\000p\000o\000i\000n\000t\000s}{section.4.3}% 34
\BOOKMARK [2][-]{subsection.4.3.5}{\376\377\000C\000o\000n\000t\000e\000g\000g\000i\000o\000\040\000d\000e\000i\000\040\000f\000u\000n\000c\000t\000i\000o\000n\000\040\000p\000o\000i\000n\000t\000s}{section.4.3}% 35
\BOOKMARK [1][-]{section.4.4}{\376\377\000I\000l\000\040\000n\000u\000m\000e\000r\000o\000\040\000c\000i\000c\000l\000o\000m\000a\000t\000i\000c\000o}{chapter.4}% 36
\BOOKMARK [1][-]{section.4.5}{\376\377\000C\000o\000c\000o\000m\000o\000\040\000\050\000C\000O\000n\000s\000t\000r\000u\000c\000t\000i\000v\000e\000\040\000C\000O\000s\000t\000\040\000M\000O\000d\000e\000l\000\051}{chapter.4}% 37
\BOOKMARK [2][-]{subsection.4.5.1}{\376\377\000S\000t\000i\000m\000a\000\040\000d\000e\000l\000l\000a\000\040\000d\000i\000m\000e\000n\000s\000i\000o\000n\000e\000\040\000d\000e\000l\000\040\000s\000o\000f\000t\000w\000a\000r\000e}{section.4.5}% 38
\BOOKMARK [2][-]{subsection.4.5.2}{\376\377\000D\000e\000t\000e\000r\000m\000i\000n\000a\000z\000i\000o\000n\000e\000\040\000d\000e\000l\000l\000a\000\040\000c\000l\000a\000s\000s\000e\000\040\000d\000e\000l\000\040\000s\000o\000f\000t\000w\000a\000r\000e}{section.4.5}% 39
\BOOKMARK [2][-]{subsection.4.5.3}{\376\377\000A\000p\000p\000l\000i\000c\000a\000z\000i\000o\000n\000e\000\040\000d\000e\000g\000l\000i\000\040\000e\000s\000t\000i\000m\000a\000t\000o\000r\000i\000\040\000d\000i\000\040\000c\000o\000s\000t\000o}{section.4.5}% 40
